2021年7月7日:779:执行操作：应用程序启动！
2021年7月7日:796:执行操作：开始请求：/Pages/TestApplication.aspx
2021年7月7日:425:执行操作：qmjjsas5sltpzutaozqyvxo1会话创建
2021年7月7日:465:执行操作：Login页面加载完成
2021年7月7日:63:执行操作：开始请求：/Pages/TestApplication.aspx
2021年7月7日:73:执行操作：Login页面加载完成
2021年7月7日:89:执行操作：开始请求：/Pages/Main.aspx
2021年7月7日:103:执行操作：Main页面加载完成
2021年7月7日:448:执行操作：开始请求：/Pages/TestApplication.aspx
2021年7月7日:450:执行操作：urexfa5ryd1htfofqimdu4aj会话创建
2021年7月7日:452:执行操作：Login页面加载完成
2021年7月7日:461:执行操作：开始请求：/Pages/Main.aspx
2021年7月7日:465:执行操作：Main页面加载完成
2021年7月7日:897:执行操作：开始请求：/Pages/Main.aspx
2021年7月7日:899:执行操作：Main页面加载完成
2021年7月7日:276:执行操作：开始请求：/Pages/Main.aspx
2021年7月7日:285:执行操作：Main页面加载完成
2021年7月7日:766:执行操作：qmjjsas5sltpzutaozqyvxo1会话结束
2021年7月7日:768:执行操作：urexfa5ryd1htfofqimdu4aj会话结束
2021年7月7日:772:执行操作：应用程序结束
2021年7月7日:129:执行操作：应用程序启动！
2021年7月7日:174:执行操作：开始请求：/Pages/TestApplication.aspx
2021年7月7日:333:执行操作：qmjjsas5sltpzutaozqyvxo1会话创建
2021年7月7日:373:执行操作：Login页面加载完成
2021年7月7日:673:执行操作：开始请求：/Pages/TestApplication.aspx
2021年7月7日:687:执行操作：Login页面加载完成
2021年7月7日:715:执行操作：开始请求：/Pages/Main.aspx
2021年7月7日:755:执行操作：Main页面加载完成
2021年7月7日:805:执行操作：qmjjsas5sltpzutaozqyvxo1会话结束
2021年7月7日:806:执行操作：应用程序结束
2021年7月7日:318:执行操作：应用程序启动！
2021年7月7日:337:执行操作：开始请求：/Pages/TestApplication.aspx
2021年7月7日:956:执行操作：qmjjsas5sltpzutaozqyvxo1会话创建
2021年7月7日:991:执行操作：Login页面加载完成
2021年7月7日:308:执行操作：开始请求：/Pages/TestApplication.aspx
2021年7月7日:312:执行操作：Login页面加载完成
2021年7月7日:321:执行操作：开始请求：/Pages/Main.aspx
2021年7月7日:336:执行操作：Main页面加载完成
2021年7月7日:396:执行操作：开始请求：/Pages/TestApplication.aspx
2021年7月7日:400:执行操作：Login页面加载完成
2021年7月7日:213:执行操作：开始请求：/Pages/TestApplication.aspx
2021年7月7日:218:执行操作：Login页面加载完成
2021年7月7日:225:执行操作：开始请求：/Pages/Main.aspx
2021年7月7日:227:执行操作：Main页面加载完成
2021年7月7日:483:执行操作：qmjjsas5sltpzutaozqyvxo1会话结束
2021年7月7日:484:执行操作：应用程序结束
2021年7月7日:116:执行操作：应用程序启动！
2021年7月7日:130:执行操作：开始请求：/Pages/TestApplication.aspx
2021年7月7日:759:执行操作：qmjjsas5sltpzutaozqyvxo1会话创建
2021年7月7日:802:执行操作：Login页面加载完成
2021年7月7日:21:执行操作：开始请求：/Pages/TestApplication.aspx
2021年7月7日:26:执行操作：Login页面加载完成
2021年7月7日:37:执行操作：开始请求：/Pages/Main.aspx
2021年7月7日:52:执行操作：Main页面加载完成
2021年7月7日:779:执行操作：开始请求：/Pages/TestApplication.aspx
2021年7月7日:780:执行操作：Login页面加载完成
2021年7月7日:656:执行操作：开始请求：/Pages/TestApplication.aspx
2021年7月7日:671:执行操作：Login页面加载完成
2021年7月7日:689:执行操作：开始请求：/Pages/Main.aspx
2021年7月7日:692:执行操作：Main页面加载完成
2021年7月7日:687:执行操作：qmjjsas5sltpzutaozqyvxo1会话结束
2021年7月7日:688:执行操作：应用程序结束
2021年7月7日:462:执行操作：应用程序启动！
2021年7月7日:475:执行操作：开始请求：/Pages/TestSession.aspx
2021年7月7日:469:执行操作：qmjjsas5sltpzutaozqyvxo1会话创建
2021年7月7日:505:执行操作：Login页面加载完成
2021年7月7日:350:执行操作：开始请求：/Pages/TestSession.aspx
2021年7月7日:354:执行操作：Login页面加载完成
2021年7月7日:363:执行操作：开始请求：/Pages/Main.aspx
2021年7月7日:376:执行操作：Main页面加载完成
2021年7月7日:694:执行操作：qmjjsas5sltpzutaozqyvxo1会话结束
2021年7月7日:695:执行操作：应用程序结束
2021年7月7日:324:执行操作：应用程序启动！
2021年7月7日:336:执行操作：开始请求：/Pages/Main.aspx
2021年7月7日:906:执行操作：qmjjsas5sltpzutaozqyvxo1会话创建
2021年7月7日:939:执行操作：Main页面加载完成
2021年7月7日:553:执行操作：qmjjsas5sltpzutaozqyvxo1会话结束
2021年7月7日:554:执行操作：应用程序结束
2021年7月7日:361:执行操作：应用程序启动！
2021年7月7日:407:执行操作：开始请求：/Pages/TestSession.aspx
2021年7月7日:92:执行操作：qmjjsas5sltpzutaozqyvxo1会话创建
2021年7月7日:133:执行操作：Login页面加载完成
2021年7月7日:858:执行操作：开始请求：/Pages/TestSession.aspx
2021年7月7日:873:执行操作：Login页面加载完成
2021年7月7日:900:执行操作：开始请求：/Pages/Main.aspx
2021年7月7日:939:执行操作：Main页面加载完成
2021年7月7日:707:执行操作：开始请求：/Pages/Main.aspx
2021年7月7日:711:执行操作：Main页面加载完成
2021年7月7日:634:执行操作：开始请求：/Pages/Main.aspx
2021年7月7日:636:执行操作：sm12cu00tjbul4nnmhshlczi会话创建
2021年7月7日:638:执行操作：Main页面加载完成
2021年7月7日:745:执行操作：qmjjsas5sltpzutaozqyvxo1会话结束
2021年7月7日:746:执行操作：sm12cu00tjbul4nnmhshlczi会话结束
2021年7月7日:747:执行操作：应用程序结束
2021年7月7日:476:执行操作：应用程序启动！
2021年7月7日:489:执行操作：开始请求：/Pages/Main.aspx
2021年7月7日:32:执行操作：qmjjsas5sltpzutaozqyvxo1会话创建
2021年7月7日:69:执行操作：Main页面加载完成
2021年7月7日:32:执行操作：qmjjsas5sltpzutaozqyvxo1会话结束
2021年7月7日:34:执行操作：应用程序结束
2021年7月7日:585:执行操作：应用程序启动！
2021年7月7日:599:执行操作：开始请求：/Pages/Main.aspx
2021年7月7日:197:执行操作：qmjjsas5sltpzutaozqyvxo1会话创建
2021年7月7日:231:执行操作：Main页面加载完成
2021年7月7日:198:执行操作：qmjjsas5sltpzutaozqyvxo1会话结束
2021年7月7日:199:执行操作：应用程序结束
2021年7月7日:780:执行操作：应用程序启动！
2021年7月7日:794:执行操作：开始请求：/Pages/Main.aspx
2021年7月7日:380:执行操作：qmjjsas5sltpzutaozqyvxo1会话创建
2021年7月7日:412:执行操作：Main页面加载完成
2021年7月7日:440:执行操作：qmjjsas5sltpzutaozqyvxo1会话结束
2021年7月7日:442:执行操作：应用程序结束
2021年7月7日:939:执行操作：应用程序启动！
2021年7月7日:952:执行操作：开始请求：/Pages/Main.aspx
2021年7月7日:530:执行操作：qmjjsas5sltpzutaozqyvxo1会话创建
2021年7月7日:565:执行操作：Main页面加载完成
2021年7月7日:264:执行操作：开始请求：/Pages/TestSession.aspx
2021年7月7日:307:执行操作：Login页面加载完成
2021年7月7日:617:执行操作：qmjjsas5sltpzutaozqyvxo1会话结束
2021年7月7日:942:执行操作：应用程序结束
2021年7月7日:601:执行操作：应用程序启动！
2021年7月7日:612:执行操作：开始请求：/Pages/TestSession.aspx
2021年7月7日:662:执行操作：qmjjsas5sltpzutaozqyvxo1会话创建
2021年7月7日:696:执行操作：Login页面加载完成
2021年7月7日:113:执行操作：开始请求：/Pages/TestSession.aspx
2021年7月7日:118:执行操作：Login页面加载完成
2021年7月7日:127:执行操作：开始请求：/Pages/Main.aspx
2021年7月7日:141:执行操作：Main页面加载完成
2021年7月7日:45:执行操作：qmjjsas5sltpzutaozqyvxo1会话结束
2021年7月7日:42:执行操作：开始请求：/Pages/Main.aspx
2021年7月7日:49:执行操作：qmjjsas5sltpzutaozqyvxo1会话创建
2021年7月7日:53:执行操作：Main页面加载完成
2021年7月7日:67:执行操作：开始请求：/Pages/TestSession.aspx
2021年7月7日:71:执行操作：Login页面加载完成
2021年7月7日:235:执行操作：qmjjsas5sltpzutaozqyvxo1会话结束
2021年7月7日:200:执行操作：应用程序结束
2021年7月7日:720:执行操作：应用程序启动！
2021年7月7日:732:执行操作：开始请求：/Pages/TestSession.aspx
2021年7月7日:718:执行操作：qmjjsas5sltpzutaozqyvxo1会话创建
2021年7月7日:752:执行操作：Login页面加载完成
2021年7月7日:581:执行操作：开始请求：/Pages/TestSession.aspx
2021年7月7日:596:执行操作：Login页面加载完成
2021年7月7日:624:执行操作：开始请求：/Pages/Main.aspx
2021年7月7日:668:执行操作：Main页面加载完成
2021年7月7日:752:执行操作：开始请求：/Pages/Main.aspx
2021年7月7日:763:执行操作：Main页面加载完成
2021年7月7日:780:执行操作：qmjjsas5sltpzutaozqyvxo1会话结束
2021年7月7日:281:执行操作：开始请求：/Pages/Main.aspx
2021年7月7日:286:执行操作：qmjjsas5sltpzutaozqyvxo1会话创建
2021年7月7日:295:执行操作：Main页面加载完成
2021年7月7日:313:执行操作：qmjjsas5sltpzutaozqyvxo1会话结束
2021年7月7日:780:执行操作：开始请求：/Pages/TestSession.aspx
2021年7月7日:785:执行操作：qmjjsas5sltpzutaozqyvxo1会话创建
2021年7月7日:789:执行操作：Login页面加载完成
2021年7月7日:64:执行操作：qmjjsas5sltpzutaozqyvxo1会话结束
2021年7月7日:51:执行操作：应用程序结束
2021年7月7日:536:执行操作：应用程序启动！
2021年7月7日:548:执行操作：开始请求：/Pages/TestSession.aspx
2021年7月7日:120:执行操作：qmjjsas5sltpzutaozqyvxo1会话创建
2021年7月7日:154:执行操作：Login页面加载完成
2021年7月7日:986:执行操作：开始请求：/Pages/TestSession.aspx
2021年7月7日:1:执行操作：Login页面加载完成
2021年7月7日:30:执行操作：开始请求：/Pages/Main.aspx
2021年7月7日:79:执行操作：Main页面加载完成
2021年7月7日:685:执行操作：开始请求：/Pages/Main.aspx
2021年7月7日:694:执行操作：Main页面加载完成
2021年7月7日:710:执行操作：qmjjsas5sltpzutaozqyvxo1会话结束
2021年7月7日:27:执行操作：开始请求：/Pages/Main.aspx
2021年7月7日:30:执行操作：qmjjsas5sltpzutaozqyvxo1会话创建
2021年7月7日:51:执行操作：qmjjsas5sltpzutaozqyvxo1会话结束
2021年7月7日:255:执行操作：开始请求：/Pages/TestSession.aspx
2021年7月7日:259:执行操作：qmjjsas5sltpzutaozqyvxo1会话创建
2021年7月7日:263:执行操作：Login页面加载完成
2021年7月7日:253:执行操作：开始请求：/Pages/TestSession.aspx
2021年7月7日:897:执行操作：Login页面加载完成
2021年7月7日:902:执行操作：开始请求：/Pages/Main.aspx
2021年7月7日:915:执行操作：Main页面加载完成
2021年7月7日:234:执行操作：开始请求：/Pages/TestSession.aspx
2021年7月7日:238:执行操作：Login页面加载完成
2021年7月7日:428:执行操作：开始请求：/Pages/TestSession.aspx
2021年7月7日:443:执行操作：Login页面加载完成
2021年7月7日:461:执行操作：开始请求：/Pages/Main.aspx
2021年7月7日:465:执行操作：Main页面加载完成
2021年7月7日:93:执行操作：qmjjsas5sltpzutaozqyvxo1会话结束
2021年7月7日:487:执行操作：开始请求：/Pages/Main.aspx
2021年7月7日:488:执行操作：qmjjsas5sltpzutaozqyvxo1会话创建
2021年7月7日:327:执行操作：开始请求：/Pages/TestSession.aspx
2021年7月7日:333:执行操作：Login页面加载完成
2021年7月7日:546:执行操作：qmjjsas5sltpzutaozqyvxo1会话结束
2021年7月7日:547:执行操作：应用程序结束
2021年7月7日:292:执行操作：应用程序启动！
2021年7月7日:306:执行操作：开始请求：/Pages/TestSession.aspx
2021年7月7日:864:执行操作：qmjjsas5sltpzutaozqyvxo1会话创建
2021年7月7日:898:执行操作：Login页面加载完成
2021年7月7日:32:执行操作：开始请求：/Pages/TestSession.aspx
2021年7月7日:48:执行操作：Login页面加载完成
2021年7月7日:75:执行操作：开始请求：/Pages/Main.aspx
2021年7月7日:120:执行操作：Main页面加载完成
2021年7月7日:323:执行操作：开始请求：/Pages/TestSession.aspx
2021年7月7日:326:执行操作：Login页面加载完成
2021年7月7日:848:执行操作：开始请求：/Pages/TestSession.aspx
2021年7月7日:863:执行操作：Login页面加载完成
2021年7月7日:880:执行操作：开始请求：/Pages/Main.aspx
2021年7月7日:883:执行操作：Main页面加载完成
2021年7月7日:485:执行操作：开始请求：/Pages/Main.aspx
2021年7月7日:495:执行操作：Main页面加载完成
2021年7月7日:512:执行操作：qmjjsas5sltpzutaozqyvxo1会话结束
2021年7月7日:927:执行操作：开始请求：/Pages/Main.aspx
2021年7月7日:930:执行操作：qmjjsas5sltpzutaozqyvxo1会话创建
2021年7月7日:41:执行操作：开始请求：/Pages/TestSession.aspx
2021年7月7日:43:执行操作：Login页面加载完成
2021年7月7日:475:执行操作：应用程序结束
2021年7月7日:301:执行操作：应用程序启动！
2021年7月7日:319:执行操作：开始请求：/Pages/TestSession.aspx
2021年7月7日:969:执行操作：qmjjsas5sltpzutaozqyvxo1会话创建
2021年7月7日:16:执行操作：Login页面加载完成
2021年7月7日:338:执行操作：开始请求：/Pages/TestSession.aspx
2021年7月7日:341:执行操作：o3xuyenm31sny3hew0bboher会话创建
2021年7月7日:342:执行操作：Login页面加载完成
2021年7月7日:746:执行操作：开始请求：/Pages/TestSession.aspx
2021年7月7日:750:执行操作：Login页面加载完成
2021年7月7日:759:执行操作：开始请求：/Pages/Main.aspx
2021年7月7日:774:执行操作：Main页面加载完成
2021年7月7日:746:执行操作：开始请求：/Pages/TestSession.aspx
2021年7月7日:764:执行操作：Login页面加载完成
2021年7月7日:790:执行操作：开始请求：/Pages/Main.aspx
2021年7月7日:795:执行操作：Main页面加载完成
2021年7月7日:527:执行操作：开始请求：/Pages/Main.aspx
2021年7月7日:537:执行操作：Main页面加载完成
2021年7月7日:554:执行操作：o3xuyenm31sny3hew0bboher会话结束
2021年7月7日:953:执行操作：开始请求：/Pages/Main.aspx
2021年7月7日:957:执行操作：o3xuyenm31sny3hew0bboher会话创建
2021年7月7日:87:执行操作：开始请求：/Pages/TestSession.aspx
2021年7月7日:90:执行操作：o3xuyenm31sny3hew0bboher会话创建
2021年7月7日:92:执行操作：Login页面加载完成
2021年7月7日:755:执行操作：开始请求：/Pages/Main.aspx
2021年7月7日:757:执行操作：Main页面加载完成
2021年7月7日:923:执行操作：开始请求：/Pages/Main.aspx
2021年7月7日:926:执行操作：Main页面加载完成
2021年7月7日:932:执行操作：qmjjsas5sltpzutaozqyvxo1会话结束
2021年7月7日:477:执行操作：应用程序结束
2021年7月7日:420:执行操作：应用程序启动！
2021年7月7日:433:执行操作：开始请求：/Pages/Mail.aspx
2021年7月7日:583:执行操作：qmjjsas5sltpzutaozqyvxo1会话创建
2021年7月7日:175:执行操作：开始请求：/Pages/Mail.aspx
2021年7月7日:642:执行操作：开始请求：/Pages/Mail.aspx
2021年7月7日:123:执行操作：开始请求：/Pages/Mail.aspx
2021年7月7日:763:执行操作：开始请求：/Pages/Mail.aspx
2021年7月7日:945:执行操作：开始请求：/Pages/Mail.aspx
2021年7月7日:927:执行操作：应用程序结束
2021年7月7日:846:执行操作：应用程序启动！
2021年7月7日:859:执行操作：开始请求：/Pages/TestCookie.aspx
2021年7月7日:937:执行操作：qmjjsas5sltpzutaozqyvxo1会话创建
2021年7月7日:494:执行操作：开始请求：/Pages/TestCookie.aspx
2021年7月7日:526:执行操作：开始请求：/Pages/Main.aspx
2021年7月7日:589:执行操作：Main页面加载完成
2021年7月7日:671:执行操作：开始请求：/Pages/TestCookie.aspx
2021年7月7日:85:执行操作：qmjjsas5sltpzutaozqyvxo1会话结束
2021年7月7日:87:执行操作：应用程序结束
2021年7月7日:972:执行操作：应用程序启动！
2021年7月7日:988:执行操作：开始请求：/Pages/TestCookie.aspx
2021年7月7日:715:执行操作：qmjjsas5sltpzutaozqyvxo1会话创建
2021年7月7日:637:执行操作：开始请求：/Pages/TestCookie.aspx
2021年7月7日:303:执行操作：应用程序结束
2021年7月7日:808:执行操作：应用程序启动！
2021年7月7日:820:执行操作：开始请求：/Pages/TestCookie.aspx
2021年7月7日:422:执行操作：qmjjsas5sltpzutaozqyvxo1会话创建
2021年7月7日:584:执行操作：应用程序结束
2021年7月7日:64:执行操作：应用程序启动！
2021年7月7日:75:执行操作：开始请求：/Pages/TestCookie.aspx
2021年7月7日:680:执行操作：qmjjsas5sltpzutaozqyvxo1会话创建
2021年7月7日:843:执行操作：开始请求：/Pages/TestCookie.aspx
2021年7月7日:884:执行操作：开始请求：/Pages/Main.aspx
2021年7月7日:929:执行操作：Main页面加载完成
2021年7月7日:277:执行操作：开始请求：/Pages/Main.aspx
2021年7月7日:285:执行操作：Main页面加载完成
2021年7月7日:303:执行操作：qmjjsas5sltpzutaozqyvxo1会话结束
2021年7月7日:403:执行操作：开始请求：/Pages/TestCookie.aspx
2021年7月7日:405:执行操作：qmjjsas5sltpzutaozqyvxo1会话创建
2021年7月7日:691:执行操作：开始请求：/Pages/TestCookie.aspx
2021年7月7日:704:执行操作：开始请求：/Pages/Main.aspx
2021年7月7日:706:执行操作：Main页面加载完成
2021年7月7日:290:执行操作：开始请求：/Pages/Main.aspx
2021年7月7日:294:执行操作：Main页面加载完成
2021年7月7日:623:执行操作：qmjjsas5sltpzutaozqyvxo1会话结束
2021年7月7日:624:执行操作：应用程序结束
2021年7月7日:237:执行操作：应用程序启动！
2021年7月7日:255:执行操作：开始请求：/Pages/TestCookie.aspx
2021年7月7日:954:执行操作：qmjjsas5sltpzutaozqyvxo1会话创建
2021年7月7日:524:执行操作：开始请求：/Pages/TestCookie.aspx
2021年7月7日:542:执行操作：开始请求：/Pages/Main.aspx
2021年7月7日:563:执行操作：Main页面加载完成
2021年7月7日:280:执行操作：开始请求：/Pages/Main.aspx
2021年7月7日:289:执行操作：Main页面加载完成
2021年7月7日:305:执行操作：qmjjsas5sltpzutaozqyvxo1会话结束
2021年7月7日:551:执行操作：开始请求：/Pages/TestCookie.aspx
2021年7月7日:552:执行操作：qmjjsas5sltpzutaozqyvxo1会话创建
2021年7月7日:999:执行操作：开始请求：/Pages/TestCookie.aspx
2021年7月7日:1:执行操作：iauhg1aqqqjwb15iqqaf2yr0会话创建
2021年7月7日:305:执行操作：开始请求：/Pages/TestCookie.aspx
2021年7月7日:333:执行操作：开始请求：/Pages/Main.aspx
2021年7月7日:338:执行操作：Main页面加载完成
2021年7月7日:217:执行操作：开始请求：/Pages/TestCookie.aspx
2021年7月7日:442:执行操作：iauhg1aqqqjwb15iqqaf2yr0会话结束
2021年7月8日:19:执行操作：应用程序启动！
2021年7月8日:70:执行操作：开始请求：/Pages/TestCookie.aspx
2021年7月8日:211:执行操作：mmipbs5at5rivcqsbfiroktt会话创建
2021年7月8日:934:执行操作：开始请求：/Pages/TestCookie.aspx
2021年7月8日:991:执行操作：开始请求：/Pages/Main.aspx
2021年7月8日:31:执行操作：Main页面加载完成
2021年7月8日:904:执行操作：开始请求：/Pages/TestCookie.aspx
2021年7月8日:919:执行操作：开始请求：/Pages/Main.aspx
2021年7月8日:920:执行操作：Main页面加载完成
2021年7月8日:649:执行操作：开始请求：/Pages/TestApplication.aspx
2021年7月8日:651:执行操作：ynjv5aubqgyn14c2m4e5gd4d会话创建
2021年7月8日:664:执行操作：Login页面加载完成
2021年7月8日:660:执行操作：开始请求：/Pages/TestApplication.aspx
2021年7月8日:675:执行操作：Login页面加载完成
2021年7月8日:694:执行操作：开始请求：/Pages/Main.aspx
2021年7月8日:546:执行操作：开始请求：/Pages/TestSession.aspx
2021年7月8日:587:执行操作：Login页面加载完成
2021年7月8日:876:执行操作：开始请求：/Pages/TestSession.aspx
2021年7月8日:891:执行操作：Login页面加载完成
2021年7月8日:910:执行操作：开始请求：/Pages/Main.aspx
2021年7月8日:914:执行操作：Main页面加载完成
2021年7月8日:403:执行操作：mmipbs5at5rivcqsbfiroktt会话结束
2021年7月8日:489:执行操作：ynjv5aubqgyn14c2m4e5gd4d会话结束
2021年7月8日:747:执行操作：应用程序结束
2021年7月8日:384:执行操作：应用程序启动！
2021年7月8日:399:执行操作：开始请求：/Pages/TestCookie.aspx
2021年7月8日:603:执行操作：mmipbs5at5rivcqsbfiroktt会话创建
2021年7月8日:368:执行操作：开始请求：/Pages/TestCookie.aspx
2021年7月8日:242:执行操作：应用程序结束
2021年7月8日:664:执行操作：应用程序启动！
2021年7月8日:675:执行操作：开始请求：/Pages/TestCookie.aspx
2021年7月8日:263:执行操作：mmipbs5at5rivcqsbfiroktt会话创建
2021年7月8日:571:执行操作：开始请求：/Pages/TestCookie.aspx
2021年7月8日:621:执行操作：开始请求：/Pages/Main.aspx
2021年7月8日:668:执行操作：Main页面加载完成
2021年7月8日:202:执行操作：开始请求：/Pages/TestAppliation.aspx
2021年7月8日:164:执行操作：开始请求：/Pages/TestCookie.aspx
2021年7月8日:180:执行操作：开始请求：/Pages/Main.aspx
2021年7月8日:185:执行操作：Main页面加载完成
2021年7月8日:119:执行操作：开始请求：/Pages/TestCookie.aspx
2021年7月8日:121:执行操作：ynjv5aubqgyn14c2m4e5gd4d会话创建
2021年7月8日:966:执行操作：开始请求：/Pages/TestCookie.aspx
2021年7月8日:0:执行操作：开始请求：/Pages/Main.aspx
2021年7月8日:6:执行操作：Main页面加载完成
2021年7月8日:873:执行操作：开始请求：/Pages/Main.aspx
2021年7月8日:891:执行操作：Main页面加载完成
2021年7月8日:908:执行操作：mmipbs5at5rivcqsbfiroktt会话结束
2021年7月8日:238:执行操作：开始请求：/Pages/Main.aspx
2021年7月8日:240:执行操作：Main页面加载完成
2021年7月8日:917:执行操作：开始请求：/Pages/Main.aspx
2021年7月8日:922:执行操作：Main页面加载完成
2021年7月8日:932:执行操作：ynjv5aubqgyn14c2m4e5gd4d会话结束
2021年7月8日:875:执行操作：开始请求：/Pages/Main.aspx
2021年7月8日:879:执行操作：ynjv5aubqgyn14c2m4e5gd4d会话创建
2021年7月8日:270:执行操作：开始请求：/Pages/TestSession.aspx
2021年7月8日:274:执行操作：ynjv5aubqgyn14c2m4e5gd4d会话创建
2021年7月8日:291:执行操作：Login页面加载完成
2021年7月8日:647:执行操作：开始请求：/Pages/TestSession.aspx
2021年7月8日:662:执行操作：Login页面加载完成
2021年7月8日:680:执行操作：开始请求：/Pages/Main.aspx
2021年7月8日:683:执行操作：Main页面加载完成
2021年7月8日:9:执行操作：开始请求：/Pages/Main.aspx
2021年7月8日:24:执行操作：Main页面加载完成
2021年7月8日:42:执行操作：ynjv5aubqgyn14c2m4e5gd4d会话结束
2021年7月8日:718:执行操作：开始请求：/Pages/Main.aspx
2021年7月8日:722:执行操作：ynjv5aubqgyn14c2m4e5gd4d会话创建
2021年7月8日:76:执行操作：开始请求：/Pages/TestSession.aspx
2021年7月8日:79:执行操作：ynjv5aubqgyn14c2m4e5gd4d会话创建
2021年7月8日:82:执行操作：Login页面加载完成
2021年7月8日:923:执行操作：应用程序结束
2021年7月8日:858:执行操作：应用程序启动！
2021年7月8日:872:执行操作：开始请求：/Pages/TestCookie.aspx
2021年7月8日:916:执行操作：ynjv5aubqgyn14c2m4e5gd4d会话创建
2021年7月8日:123:执行操作：开始请求：/Pages/TestCookie.aspx
2021年7月8日:141:执行操作：开始请求：/Pages/Main.aspx
2021年7月8日:155:执行操作：Main页面加载完成
2021年7月8日:466:执行操作：开始请求：/Pages/TestApplication.aspx
2021年7月8日:468:执行操作：mmipbs5at5rivcqsbfiroktt会话创建
2021年7月8日:488:执行操作：Login页面加载完成
2021年7月8日:937:执行操作：开始请求：/Pages/TestApplication.aspx
2021年7月8日:941:执行操作：Login页面加载完成
2021年7月8日:947:执行操作：开始请求：/Pages/Main.aspx
2021年7月8日:993:执行操作：开始请求：/Pages/TestSession.aspx
2021年7月8日:41:执行操作：Login页面加载完成
2021年7月8日:659:执行操作：开始请求：/Pages/TestSession.aspx
2021年7月8日:675:执行操作：Login页面加载完成
2021年7月8日:694:执行操作：开始请求：/Pages/Main.aspx
2021年7月8日:698:执行操作：Main页面加载完成
2021年7月8日:179:执行操作：mmipbs5at5rivcqsbfiroktt会话结束
2021年7月8日:180:执行操作：ynjv5aubqgyn14c2m4e5gd4d会话结束
2021年7月8日:181:执行操作：应用程序结束
2021年7月8日:944:执行操作：应用程序启动！
2021年7月8日:958:执行操作：开始请求：/Pages/TestCookie.aspx
2021年7月8日:545:执行操作：ynjv5aubqgyn14c2m4e5gd4d会话创建
2021年7月8日:612:执行操作：开始请求：/Pages/TestCookie.aspx
2021年7月8日:676:执行操作：开始请求：/Pages/Main.aspx
2021年7月8日:730:执行操作：Main页面加载完成
2021年7月8日:67:执行操作：开始请求：/Pages/TestCookie.aspx
2021年7月8日:83:执行操作：开始请求：/Pages/TestCookie.aspx
2021年7月8日:88:执行操作：mmipbs5at5rivcqsbfiroktt会话创建
2021年7月8日:107:执行操作：开始请求：/Pages/Main.aspx
2021年7月8日:110:执行操作：Main页面加载完成
2021年7月8日:683:执行操作：开始请求：/Pages/TestCookie.aspx
2021年7月8日:701:执行操作：开始请求：/Pages/Main.aspx
2021年7月8日:705:执行操作：Main页面加载完成
2021年7月8日:523:执行操作：开始请求：/Pages/TestCookie.aspx
2021年7月8日:545:执行操作：开始请求：/Pages/Main.aspx
2021年7月8日:549:执行操作：Main页面加载完成
2021年7月8日:759:执行操作：开始请求：/Pages/TestCookie.aspx
2021年7月8日:783:执行操作：开始请求：/Pages/Main.aspx
2021年7月8日:790:执行操作：Main页面加载完成
2021年7月8日:240:执行操作：mmipbs5at5rivcqsbfiroktt会话结束
2021年7月8日:241:执行操作：ynjv5aubqgyn14c2m4e5gd4d会话结束
2021年7月8日:242:执行操作：应用程序结束
2021年7月8日:702:执行操作：应用程序启动！
2021年7月8日:715:执行操作：开始请求：/Pages/TestCookie.aspx
2021年7月8日:276:执行操作：ynjv5aubqgyn14c2m4e5gd4d会话创建
2021年7月8日:322:执行操作：开始请求：/Pages/Main.aspx
2021年7月8日:335:执行操作：Main页面加载完成
2021年7月8日:673:执行操作：开始请求：/Pages/TestCookie.aspx
2021年7月8日:689:执行操作：开始请求：/Pages/Main.aspx
2021年7月8日:693:执行操作：Main页面加载完成
2021年7月8日:373:执行操作：开始请求：/Pages/Main.aspx
2021年7月8日:377:执行操作：Main页面加载完成
2021年7月8日:841:执行操作：ynjv5aubqgyn14c2m4e5gd4d会话结束
2021年7月8日:842:执行操作：应用程序结束
2021年7月8日:309:执行操作：应用程序启动！
2021年7月8日:320:执行操作：开始请求：/Pages/TestCookie.aspx
2021年7月8日:868:执行操作：ynjv5aubqgyn14c2m4e5gd4d会话创建
2021年7月8日:685:执行操作：开始请求：/Pages/TestCookie.aspx
2021年7月8日:42:执行操作：开始请求：/Pages/TestCookie.aspx
2021年7月8日:411:执行操作：ynjv5aubqgyn14c2m4e5gd4d会话结束
2021年7月8日:412:执行操作：应用程序结束
2021年7月8日:912:执行操作：应用程序启动！
2021年7月8日:923:执行操作：开始请求：/Pages/TestCookie.aspx
2021年7月8日:462:执行操作：ynjv5aubqgyn14c2m4e5gd4d会话创建
2021年7月8日:509:执行操作：开始请求：/Pages/Main.aspx
2021年7月8日:523:执行操作：Main页面加载完成
2021年7月8日:188:执行操作：开始请求：/Pages/Main.aspx
2021年7月8日:191:执行操作：Main页面加载完成
2021年7月8日:273:执行操作：开始请求：/Pages/TestCookie.aspx
2021年7月8日:287:执行操作：开始请求：/Pages/Main.aspx
2021年7月8日:290:执行操作：Main页面加载完成
2021年7月8日:3:执行操作：开始请求：/Pages/Main.aspx
2021年7月8日:8:执行操作：Main页面加载完成
2021年7月8日:690:执行操作：开始请求：/Pages/TestCookie.aspx
2021年7月8日:702:执行操作：开始请求：/Pages/Main.aspx
2021年7月8日:704:执行操作：Main页面加载完成
2021年7月8日:480:执行操作：ynjv5aubqgyn14c2m4e5gd4d会话结束
2021年7月8日:782:执行操作：应用程序结束
2021年7月8日:396:执行操作：应用程序启动！
2021年7月8日:409:执行操作：开始请求：/Pages/WebForm1.aspx
2021年7月8日:410:执行操作：ynjv5aubqgyn14c2m4e5gd4d会话创建
2021年7月8日:614:执行操作：开始请求：/Pages/WebForm1.aspx
2021年7月8日:155:执行操作：开始请求：/Pages/WebForm1.aspx
2021年7月8日:307:执行操作：开始请求：/Pages/WebForm1.aspx
2021年7月8日:855:执行操作：应用程序结束
2021年7月8日:531:执行操作：应用程序启动！
2021年7月8日:544:执行操作：开始请求：/Pages/WebForm1.aspx
2021年7月8日:169:执行操作：ynjv5aubqgyn14c2m4e5gd4d会话创建
2021年7月8日:696:执行操作：应用程序结束
2021年7月8日:727:执行操作：应用程序启动！
2021年7月8日:748:执行操作：开始请求：/Pages/WebForm1.aspx
2021年7月8日:491:执行操作：ynjv5aubqgyn14c2m4e5gd4d会话创建
2021年7月8日:490:执行操作：应用程序结束
2021年7月8日:268:执行操作：应用程序启动！
2021年7月8日:282:执行操作：开始请求：/Pages/WebForm0.aspx
2021年7月8日:375:执行操作：ynjv5aubqgyn14c2m4e5gd4d会话创建
2021年7月8日:434:执行操作：开始请求：/Pages/WebForm0.aspx
2021年7月8日:875:执行操作：应用程序结束
2021年7月8日:622:执行操作：应用程序启动！
2021年7月8日:636:执行操作：开始请求：/Pages/WebForm0.aspx
2021年7月8日:564:执行操作：开始请求：/Pages/WebForm0.aspx
2021年7月8日:590:执行操作：应用程序结束
2021年7月8日:295:执行操作：应用程序启动！
2021年7月8日:305:执行操作：开始请求：/Pages/WebForm0.aspx
2021年7月8日:931:执行操作：g55sc3fzw025dccvlbi3cxds会话创建
2021年7月8日:387:执行操作：开始请求：/Pages/WebForm0.aspx
2021年7月8日:720:执行操作：开始请求：/Pages/WebForm0.aspx
2021年7月8日:822:执行操作：开始请求：/Pages/WebForm0.aspx
2021年7月8日:658:执行操作：开始请求：/Pages/WebForm0.aspx
2021年7月8日:330:执行操作：开始请求：/Pages/WebForm0.aspx
2021年7月8日:385:执行操作：应用程序结束
2021年7月8日:367:执行操作：应用程序启动！
2021年7月8日:380:执行操作：开始请求：/Pages/WebForm0.aspx
2021年7月8日:11:执行操作：g55sc3fzw025dccvlbi3cxds会话创建
2021年7月8日:76:执行操作：开始请求：/WebResource.axd?d=pynGkmcFUV13He1Qd6_TZDv6kFFr7gI8IrRavvRHTgijCGuLTNnhk_AcWN5jNPfTMDnqWUgBDapOBmQphXahfA2&t=637454358340000000
2021年7月8日:894:执行操作：开始请求：/Pages/Server.aspx
2021年7月8日:315:执行操作：开始请求：/Pages/Server.aspx
2021年7月8日:161:执行操作：开始请求：/Pages/Server.aspx
2021年7月8日:345:执行操作：应用程序结束
2021年7月8日:426:执行操作：应用程序启动！
2021年7月8日:439:执行操作：开始请求：/Pages/WebForm0.aspx
2021年7月8日:115:执行操作：g55sc3fzw025dccvlbi3cxds会话创建
2021年7月8日:659:执行操作：开始请求：/Pages/Server.aspx
2021年7月8日:598:执行操作：应用程序结束
2021年7月8日:227:执行操作：应用程序启动！
2021年7月8日:239:执行操作：开始请求：/Pages/WebForm0.aspx
2021年7月8日:840:执行操作：g55sc3fzw025dccvlbi3cxds会话创建
2021年7月8日:738:执行操作：开始请求：/Pages/Server.aspx
2021年7月8日:617:执行操作：应用程序结束
2021年7月8日:229:执行操作：应用程序启动！
2021年7月8日:240:执行操作：开始请求：/Pages/WebForm0.aspx
2021年7月8日:861:执行操作：g55sc3fzw025dccvlbi3cxds会话创建
2021年7月8日:620:执行操作：开始请求：/Pages/WebForm0.aspx
2021年7月8日:518:执行操作：开始请求：/Pages/Server.aspx
2021年7月8日:172:执行操作：开始请求：/Pages/Server.aspx
2021年7月8日:174:执行操作：开始请求：/Pages/Server.aspx
2021年7月8日:313:执行操作：开始请求：/Pages/Server.aspx
2021年7月8日:913:执行操作：开始请求：/Pages/WebForm0.aspx
2021年7月8日:336:执行操作：应用程序结束
2021年7月8日:384:执行操作：应用程序启动！
2021年7月8日:395:执行操作：开始请求：/Pages/WebForm2.aspx
2021年7月8日:580:执行操作：g55sc3fzw025dccvlbi3cxds会话创建
2021年7月8日:817:执行操作：开始请求：/Pages/WebForm2.aspx
2021年7月8日:923:执行操作：应用程序结束
2021年7月8日:91:执行操作：应用程序启动！
2021年7月8日:111:执行操作：开始请求：/Pages/WebForm2.aspx
2021年7月8日:911:执行操作：g55sc3fzw025dccvlbi3cxds会话创建
2021年7月8日:961:执行操作：应用程序结束
2021年7月8日:339:执行操作：应用程序启动！
2021年7月8日:361:执行操作：开始请求：/Pages/WebForm2.aspx
2021年7月8日:981:执行操作：g55sc3fzw025dccvlbi3cxds会话创建
2021年7月8日:735:执行操作：开始请求：/Pages/WebForm2.aspx
2021年7月8日:725:执行操作：开始请求：/Pages/WebForm2.aspx
2021年7月8日:793:执行操作：开始请求：/Pages/WebForm2.aspx
2021年7月8日:833:执行操作：开始请求：/Pages/WebForm2.aspx
2021年7月8日:482:执行操作：开始请求：/Pages/WebForm2.aspx
2021年7月8日:990:执行操作：开始请求：/Pages/WebForm2.aspx
2021年7月8日:143:执行操作：开始请求：/Pages/WebForm2.aspx
2021年7月8日:982:执行操作：开始请求：/Pages/WebForm2.aspx
2021年7月8日:710:执行操作：开始请求：/Pages/WebForm2.aspx
2021年7月8日:231:执行操作：开始请求：/Pages/WebForm2.aspx
2021年7月8日:421:执行操作：开始请求：/Pages/WebForm2.aspx
2021年7月8日:691:执行操作：开始请求：/Pages/WebForm2.aspx
2021年7月8日:344:执行操作：开始请求：/Pages/WebForm2.aspx
2021年7月8日:774:执行操作：开始请求：/Pages/WebForm2.aspx
2021年7月8日:773:执行操作：开始请求：/Pages/WebForm2.aspx
2021年7月8日:915:执行操作：应用程序结束
2021年7月8日:948:执行操作：应用程序启动！
2021年7月8日:960:执行操作：开始请求：/Pages/WebForm2.aspx
2021年7月8日:628:执行操作：g55sc3fzw025dccvlbi3cxds会话创建
2021年7月8日:679:执行操作：开始请求：/Pages/WebForm2.aspx
2021年7月8日:517:执行操作：应用程序结束
2021年7月8日:399:执行操作：应用程序启动！
2021年7月8日:413:执行操作：开始请求：/Pages/WebForm3.aspx
2021年7月8日:7:执行操作：g55sc3fzw025dccvlbi3cxds会话创建
2021年7月8日:767:执行操作：应用程序结束
2021年7月8日:528:执行操作：应用程序启动！
2021年7月8日:539:执行操作：开始请求：/Pages/WebForm3.aspx
2021年7月8日:222:执行操作：g55sc3fzw025dccvlbi3cxds会话创建
2021年7月8日:764:执行操作：开始请求：/Pages/WebForm3.aspx
2021年7月8日:380:执行操作：开始请求：/Pages/WebForm3.aspx
2021年7月8日:711:执行操作：开始请求：/Pages/WebForm3.aspx
2021年7月8日:802:执行操作：开始请求：/Pages/WebForm3.aspx
2021年7月8日:956:执行操作：开始请求：/Pages/WebForm3.aspx
2021年7月8日:825:执行操作：应用程序结束
2021年7月8日:684:执行操作：应用程序启动！
2021年7月8日:46:执行操作：开始请求：/Pages/WebForm3.aspx
2021年7月8日:199:执行操作：g55sc3fzw025dccvlbi3cxds会话创建
2021年7月8日:12:执行操作：应用程序启动！
2021年7月8日:124:执行操作：开始请求：/Pages/WebForm3.aspx
2021年7月8日:235:执行操作：g55sc3fzw025dccvlbi3cxds会话创建
2021年7月8日:202:执行操作：开始请求：/Pages/WebForm3.aspx
2021年7月8日:604:执行操作：应用程序启动！
2021年7月8日:642:执行操作：开始请求：/Pages/WebForm3.aspx
2021年7月8日:392:执行操作：g55sc3fzw025dccvlbi3cxds会话创建
2021年7月8日:333:执行操作：开始请求：/Pages/WebForm3.aspx
2021年7月8日:703:执行操作：应用程序结束
2021年7月8日:299:执行操作：应用程序启动！
2021年7月8日:313:执行操作：开始请求：/Pages/WebForm3.aspx
2021年7月8日:927:执行操作：g55sc3fzw025dccvlbi3cxds会话创建
2021年7月8日:710:执行操作：开始请求：/Pages/WebForm3.aspx
2021年7月8日:947:执行操作：应用程序结束
2021年7月8日:617:执行操作：应用程序启动！
2021年7月8日:629:执行操作：开始请求：/Pages/WebForm3.aspx
2021年7月8日:269:执行操作：g55sc3fzw025dccvlbi3cxds会话创建
2021年7月8日:220:执行操作：开始请求：/Pages/WebForm3.aspx
2021年7月8日:807:执行操作：开始请求：/Pages/WebForm3.aspx
2021年7月8日:810:执行操作：mmipbs5at5rivcqsbfiroktt会话创建
2021年7月8日:447:执行操作：应用程序结束
2021年7月8日:911:执行操作：应用程序启动！
2021年7月8日:924:执行操作：开始请求：/Pages/WebForm3.aspx
2021年7月8日:673:执行操作：l40a14jufmx4m35juv2xlmys会话创建
2021年7月8日:697:执行操作：开始请求：/Pages/WebForm3.aspx
2021年7月8日:367:执行操作：应用程序启动！
2021年7月8日:418:执行操作：开始请求：/Pages/WebForm4.aspx
2021年7月8日:220:执行操作：l40a14jufmx4m35juv2xlmys会话创建
2021年7月8日:786:执行操作：应用程序结束
2021年7月8日:677:执行操作：应用程序启动！
2021年7月8日:690:执行操作：开始请求：/Pages/WebForm4.aspx
2021年7月8日:349:执行操作：l40a14jufmx4m35juv2xlmys会话创建
2021年7月8日:84:执行操作：开始请求：/Pages/WebForm4.aspx
2021年7月8日:464:执行操作：应用程序结束
2021年7月8日:488:执行操作：应用程序启动！
2021年7月8日:501:执行操作：开始请求：/Pages/WebForm5.aspx
2021年7月8日:214:执行操作：l40a14jufmx4m35juv2xlmys会话创建
2021年7月8日:288:执行操作：开始请求：/Pages/WebForm5.aspx
2021年7月8日:410:执行操作：开始请求：/Pages/WebForm5.aspx
2021年7月8日:295:执行操作：应用程序结束
2021年7月8日:87:执行操作：应用程序启动！
2021年7月8日:98:执行操作：开始请求：/Pages/Main.aspx
2021年7月8日:778:执行操作：mmipbs5at5rivcqsbfiroktt会话创建
2021年7月8日:124:执行操作：开始请求：/Pages/TestSession.aspx
2021年7月8日:165:执行操作：Login页面加载完成
2021年7月8日:836:执行操作：应用程序结束
2021年7月8日:858:执行操作：应用程序启动！
2021年7月8日:874:执行操作：开始请求：/Pages/WebForm5.aspx
2021年7月8日:717:执行操作：mmipbs5at5rivcqsbfiroktt会话创建
2021年7月8日:655:执行操作：开始请求：/Pages/WebForm5.aspx
2021年7月8日:130:执行操作：开始请求：/Pages/WebForm5.aspx
2021年7月8日:491:执行操作：开始请求：/Pages/WebForm5.aspx
2021年7月8日:218:执行操作：应用程序结束
2021年7月8日:703:执行操作：应用程序启动！
2021年7月8日:714:执行操作：开始请求：/Pages/WebForm5.aspx
2021年7月8日:391:执行操作：mmipbs5at5rivcqsbfiroktt会话创建
2021年7月8日:53:执行操作：开始请求：/Pages/WebForm5.aspx
2021年7月8日:575:执行操作：应用程序结束
2021年7月8日:907:执行操作：应用程序启动！
2021年7月8日:920:执行操作：开始请求：/Pages/WebForm6.aspx
2021年7月8日:742:执行操作：mmipbs5at5rivcqsbfiroktt会话创建
2021年7月8日:914:执行操作：应用程序结束
2021年7月8日:346:执行操作：应用程序启动！
2021年7月8日:360:执行操作：开始请求：/Pages/WebForm6.aspx
2021年7月8日:93:执行操作：mmipbs5at5rivcqsbfiroktt会话创建
2021年7月8日:429:执行操作：应用程序结束
2021年7月8日:364:执行操作：应用程序启动！
2021年7月8日:376:执行操作：开始请求：/Pages/WebForm6.aspx
2021年7月8日:84:执行操作：mmipbs5at5rivcqsbfiroktt会话创建
2021年7月8日:601:执行操作：开始请求：/Pages/WebForm6.aspx
2021年7月8日:877:执行操作：应用程序结束
2021年7月8日:643:执行操作：应用程序启动！
2021年7月8日:657:执行操作：开始请求：/Pages/WebForm6.aspx
2021年7月8日:375:执行操作：mmipbs5at5rivcqsbfiroktt会话创建
2021年7月8日:240:执行操作：开始请求：/Pages/WebForm6.aspx
